{
  "RSpec": {
    "coverage": {
      "C:/Users/terry/Documents/GitHub/twelve_alumni_tracker/app/models/application_record.rb": {
        "lines": [
          1,
          1,
          null
        ]
      },
      "C:/Users/terry/Documents/GitHub/twelve_alumni_tracker/app/helpers/application_helper.rb": {
        "lines": [
          1,
          1,
          5,
          null,
          null
        ]
      },
      "C:/Users/terry/Documents/GitHub/twelve_alumni_tracker/app/helpers/dashboards_helper.rb": {
        "lines": [
          1,
          null
        ]
      },
      "C:/Users/terry/Documents/GitHub/twelve_alumni_tracker/app/helpers/member_helper.rb": {
        "lines": [
          1,
          null
        ]
      },
      "C:/Users/terry/Documents/GitHub/twelve_alumni_tracker/app/helpers/members_helper.rb": {
        "lines": [
          1,
          null
        ]
      },
      "C:/Users/terry/Documents/GitHub/twelve_alumni_tracker/app/helpers/positions_helper.rb": {
        "lines": [
          1,
          null
        ]
      },
      "C:/Users/terry/Documents/GitHub/twelve_alumni_tracker/app/helpers/semesters_helper.rb": {
        "lines": [
          1,
          null
        ]
      },
      "C:/Users/terry/Documents/GitHub/twelve_alumni_tracker/app/helpers/sessions_helper.rb": {
        "lines": [
          1,
          null
        ]
      },
      "C:/Users/terry/Documents/GitHub/twelve_alumni_tracker/app/models/member.rb": {
        "lines": [
          1,
          1,
          1,
          null,
          1,
          1,
          1,
          1,
          1,
          1,
          1,
          1,
          1,
          1,
          1,
          1,
          1,
          1,
          1,
          1,
          1,
          null
        ]
      },
      "C:/Users/terry/Documents/GitHub/twelve_alumni_tracker/app/models/semester.rb": {
        "lines": [
          1,
          1,
          null,
          1,
          null
        ]
      },
      "C:/Users/terry/Documents/GitHub/twelve_alumni_tracker/app/controllers/semesters_controller.rb": {
        "lines": [
          1,
          1,
          null,
          null,
          1,
          2,
          null,
          null,
          null,
          1,
          null,
          null,
          null,
          1,
          1,
          null,
          null,
          null,
          1,
          null,
          null,
          null,
          1,
          1,
          null,
          1,
          1,
          2,
          1,
          null,
          0,
          0,
          null,
          null,
          null,
          null,
          null,
          1,
          3,
          3,
          4,
          2,
          null,
          2,
          1,
          null,
          null,
          null,
          null,
          null,
          1,
          1,
          1,
          2,
          1,
          null,
          null,
          null,
          1,
          null,
          1,
          11,
          null,
          null,
          null,
          1,
          4,
          null,
          null
        ]
      },
      "C:/Users/terry/Documents/GitHub/twelve_alumni_tracker/app/controllers/application_controller.rb": {
        "lines": [
          1,
          1,
          null
        ]
      },
      "C:/Users/terry/Documents/GitHub/twelve_alumni_tracker/app/controllers/members_controller.rb": {
        "lines": [
          1,
          null,
          null,
          1,
          null,
          null,
          null,
          4,
          4,
          0,
          0,
          null,
          4,
          null,
          null,
          null,
          null,
          1,
          46,
          null,
          null,
          1,
          1,
          null,
          null,
          1,
          null,
          null,
          null,
          1,
          null,
          1,
          null,
          1,
          1,
          null,
          null,
          0,
          null,
          null,
          null,
          1,
          3,
          null,
          null,
          1,
          3,
          3,
          2,
          2,
          null,
          1,
          null,
          null,
          null,
          1,
          1,
          null,
          null,
          1,
          1,
          1,
          1,
          1,
          null,
          null,
          1,
          null,
          1,
          4,
          null,
          null,
          null
        ]
      },
      "C:/Users/terry/Documents/GitHub/twelve_alumni_tracker/app/models/position.rb": {
        "lines": [
          1,
          1,
          null
        ]
      }
    },
    "timestamp": 1617755685
  }
}
