{
  "RSpec": {
    "coverage": {
      "/Users/nicholaswanner/Desktop/Classes/Spring 2021/CSCE-431/twelve_alumni_tracker/app/models/application_record.rb": {
        "lines": [
          1,
          1,
          null
        ]
      },
      "/Users/nicholaswanner/Desktop/Classes/Spring 2021/CSCE-431/twelve_alumni_tracker/app/helpers/application_helper.rb": {
        "lines": [
          1,
          1,
          5,
          null,
          null
        ]
      },
      "/Users/nicholaswanner/Desktop/Classes/Spring 2021/CSCE-431/twelve_alumni_tracker/app/helpers/dashboards_helper.rb": {
        "lines": [
          1,
          null
        ]
      },
      "/Users/nicholaswanner/Desktop/Classes/Spring 2021/CSCE-431/twelve_alumni_tracker/app/helpers/member_helper.rb": {
        "lines": [
          1,
          null
        ]
      },
      "/Users/nicholaswanner/Desktop/Classes/Spring 2021/CSCE-431/twelve_alumni_tracker/app/helpers/members_helper.rb": {
        "lines": [
          1,
          null
        ]
      },
      "/Users/nicholaswanner/Desktop/Classes/Spring 2021/CSCE-431/twelve_alumni_tracker/app/helpers/positions_helper.rb": {
        "lines": [
          1,
          null
        ]
      },
      "/Users/nicholaswanner/Desktop/Classes/Spring 2021/CSCE-431/twelve_alumni_tracker/app/helpers/sessions_helper.rb": {
        "lines": [
          1,
          null
        ]
      },
      "/Users/nicholaswanner/Desktop/Classes/Spring 2021/CSCE-431/twelve_alumni_tracker/app/models/member.rb": {
        "lines": [
          1,
          1,
          null,
          1,
          1,
          1,
          1,
          1,
          1,
          1,
          1,
          1,
          1,
          1,
          1,
          1,
          1,
          1,
          1,
          null
        ]
      },
      "/Users/nicholaswanner/Desktop/Classes/Spring 2021/CSCE-431/twelve_alumni_tracker/app/controllers/members_controller.rb": {
        "lines": [
          1,
          null,
          null,
          1,
          null,
          4,
          null,
          null,
          1,
          46,
          null,
          null,
          1,
          1,
          null,
          null,
          1,
          null,
          null,
          null,
          1,
          null,
          1,
          null,
          1,
          1,
          null,
          null,
          0,
          null,
          null,
          null,
          1,
          3,
          null,
          null,
          1,
          3,
          3,
          2,
          2,
          null,
          1,
          null,
          null,
          null,
          1,
          1,
          null,
          null,
          1,
          1,
          1,
          1,
          1,
          null,
          null,
          1,
          null,
          1,
          4,
          null,
          null,
          null
        ]
      },
      "/Users/nicholaswanner/Desktop/Classes/Spring 2021/CSCE-431/twelve_alumni_tracker/app/controllers/application_controller.rb": {
        "lines": [
          1,
          1,
          null
        ]
      },
      "/Users/nicholaswanner/Desktop/Classes/Spring 2021/CSCE-431/twelve_alumni_tracker/app/models/position.rb": {
        "lines": [
          1,
          1,
          null
        ]
      }
    },
    "timestamp": 1617231820
  }
}
